2022-08-24_07:26:08 Happy trading.
2022-08-24_07:27:19 Happy trading.
2022-08-24_07:27:29 ------------
2022-08-24_07:27:29 Reading config
2022-08-24_07:27:29 Symbol: SSVBUSD
2022-08-24_07:27:29 Base: SSV
2022-08-24_07:27:29 Quote: BUSD
2022-08-24_07:27:29 Websocket: wss://stream.binance.com:9443/ws/ssvbusd@miniTicker
2022-08-24_07:27:29 Last close: 17.12
2022-08-24_07:27:29 Exit price: 17.462400000000002
2022-08-24_07:27:29 Stop price: 15.408000000000001
2022-08-24_07:27:29 Step size: 3
2022-08-24_07:27:53 ------------
2022-08-24_07:27:53 Reading config
2022-08-24_07:27:53 Symbol: SSVBUSD
2022-08-24_07:27:53 Base: SSV
2022-08-24_07:27:53 Quote: BUSD
2022-08-24_07:27:53 Websocket: wss://stream.binance.com:9443/ws/ssvbusd@miniTicker
2022-08-24_07:27:54 Last close: 17.1
2022-08-24_07:27:54 Exit price: 17.442
2022-08-24_07:27:54 Stop price: 15.39
2022-08-24_07:27:54 Step size: 3
2022-08-24_07:28:04 ------------
2022-08-24_07:28:04 Reading config
2022-08-24_07:28:04 Symbol: SSVBUSD
2022-08-24_07:28:04 Base: SSV
2022-08-24_07:28:04 Quote: BUSD
2022-08-24_07:28:04 Websocket: wss://stream.binance.com:9443/ws/ssvbusd@miniTicker
2022-08-24_07:28:04 Last close: 17.12
2022-08-24_07:28:04 Exit price: 17.462400000000002
2022-08-24_07:28:04 Stop price: 15.408000000000001
2022-08-24_07:28:04 Step size: 3
2022-08-24_07:28:36 Happy trading.
2022-08-24_07:28:46 ------------
2022-08-24_07:28:46 Reading config
2022-08-24_07:28:46 Symbol: SSVBUSD
2022-08-24_07:28:46 Base: SSV
2022-08-24_07:28:46 Quote: BUSD
2022-08-24_07:28:46 Websocket: wss://stream.binance.com:9443/ws/ssvbusd@miniTicker
2022-08-24_07:28:47 Last close: 17.15
2022-08-24_07:28:47 Exit price: 17.493
2022-08-24_07:28:47 Stop price: 15.434999999999999
2022-08-24_07:28:47 Step size: 3
2022-08-24_07:29:14 ------------
2022-08-24_07:29:14 Reading config
2022-08-24_07:29:14 Symbol: SSVBUSD
2022-08-24_07:29:14 Base: SSV
2022-08-24_07:29:14 Quote: BUSD
2022-08-24_07:29:14 Websocket: wss://stream.binance.com:9443/ws/ssvbusd@miniTicker
2022-08-24_07:29:14 Last close: 17.19
2022-08-24_07:29:14 Exit price: 17.533800000000003
2022-08-24_07:29:14 Stop price: 15.471
2022-08-24_07:29:14 Step size: 3
2022-08-24_07:29:24 ------------
2022-08-24_07:29:24 Reading config
2022-08-24_07:29:24 Symbol: SSVBUSD
2022-08-24_07:29:24 Base: SSV
2022-08-24_07:29:24 Quote: BUSD
2022-08-24_07:29:24 Websocket: wss://stream.binance.com:9443/ws/ssvbusd@miniTicker
2022-08-24_07:29:25 Last close: 17.19
2022-08-24_07:29:25 Exit price: 17.533800000000003
2022-08-24_07:29:25 Stop price: 15.471
2022-08-24_07:29:25 Step size: 3
2022-08-24_07:29:35 ------------
2022-08-24_07:29:35 Reading config
2022-08-24_07:29:35 Symbol: SSVBUSD
2022-08-24_07:29:35 Base: SSV
2022-08-24_07:29:35 Quote: BUSD
2022-08-24_07:29:35 Websocket: wss://stream.binance.com:9443/ws/ssvbusd@miniTicker
2022-08-24_07:29:35 Last close: 17.1
2022-08-24_07:29:35 Exit price: 17.442
2022-08-24_07:29:35 Stop price: 15.39
2022-08-24_07:29:35 Step size: 3
2022-08-24_07:30:01 Happy trading.
2022-08-24_07:30:11 ------------
2022-08-24_07:30:11 Reading config
2022-08-24_07:30:11 Symbol: BTCBUSD
2022-08-24_07:30:11 Base: BTC
2022-08-24_07:30:11 Quote: BUSD
2022-08-24_07:30:11 Websocket: wss://stream.binance.com:9443/ws/btcbusd@miniTicker
2022-08-24_07:30:12 Last close: 21342.17
2022-08-24_07:30:12 Exit price: 21769.0134
2022-08-24_07:30:12 Stop price: 19207.952999999998
2022-08-24_07:30:12 Step size: 5
2022-08-24_07:30:24 ------------
2022-08-24_07:30:24 Reading config
2022-08-24_07:30:24 Symbol: BTCBUSD
2022-08-24_07:30:24 Base: BTC
2022-08-24_07:30:24 Quote: BUSD
2022-08-24_07:30:24 Websocket: wss://stream.binance.com:9443/ws/btcbusd@miniTicker
2022-08-24_07:30:24 Last close: 21344.73
2022-08-24_07:30:24 Exit price: 21771.6246
2022-08-24_07:30:24 Stop price: 19210.256999999998
2022-08-24_07:30:24 Step size: 5
2022-08-24_07:30:34 ------------
2022-08-24_07:30:34 Reading config
2022-08-24_07:30:34 Symbol: BTCBUSD
2022-08-24_07:30:34 Base: BTC
2022-08-24_07:30:34 Quote: BUSD
2022-08-24_07:30:34 Websocket: wss://stream.binance.com:9443/ws/btcbusd@miniTicker
2022-08-24_07:30:35 Last close: 21341.57
2022-08-24_07:30:35 Exit price: 21768.4014
2022-08-24_07:30:35 Stop price: 19207.413
2022-08-24_07:30:35 Step size: 5
2022-08-24_07:30:45 ------------
2022-08-24_07:30:45 Reading config
2022-08-24_07:30:45 Symbol: BTCBUSD
2022-08-24_07:30:45 Base: BTC
2022-08-24_07:30:45 Quote: BUSD
2022-08-24_07:30:45 Websocket: wss://stream.binance.com:9443/ws/btcbusd@miniTicker
2022-08-24_07:30:45 Last close: 21338.75
2022-08-24_07:30:45 Exit price: 21765.525
2022-08-24_07:30:45 Stop price: 19204.875
2022-08-24_07:30:45 Step size: 5
2022-08-24_07:30:55 ------------
2022-08-24_07:30:55 Reading config
2022-08-24_07:30:55 Symbol: BTCBUSD
2022-08-24_07:30:55 Base: BTC
2022-08-24_07:30:55 Quote: BUSD
2022-08-24_07:30:55 Websocket: wss://stream.binance.com:9443/ws/btcbusd@miniTicker
2022-08-24_07:30:56 Last close: 21331.19
2022-08-24_07:30:56 Exit price: 21757.8138
2022-08-24_07:30:56 Stop price: 19198.071
2022-08-24_07:30:56 Step size: 5
2022-08-24_07:31:06 ------------
2022-08-24_07:31:06 Reading config
2022-08-24_07:31:06 Symbol: BTCBUSD
2022-08-24_07:31:06 Base: BTC
2022-08-24_07:31:06 Quote: BUSD
2022-08-24_07:31:06 Websocket: wss://stream.binance.com:9443/ws/btcbusd@miniTicker
2022-08-24_07:31:07 Last close: 21326.43
2022-08-24_07:31:07 Exit price: 21752.9586
2022-08-24_07:31:07 Stop price: 19193.787
2022-08-24_07:31:07 Step size: 5
2022-08-24_07:31:17 ------------
2022-08-24_07:31:17 Reading config
2022-08-24_07:31:17 Symbol: BTCBUSD
2022-08-24_07:31:17 Base: BTC
2022-08-24_07:31:17 Quote: BUSD
2022-08-24_07:31:17 Websocket: wss://stream.binance.com:9443/ws/btcbusd@miniTicker
2022-08-24_07:31:18 Last close: 21316.81
2022-08-24_07:31:18 Exit price: 21743.146200000003
2022-08-24_07:31:18 Stop price: 19185.129
2022-08-24_07:31:18 Step size: 5
2022-08-24_07:31:28 ------------
2022-08-24_07:31:28 Reading config
2022-08-24_07:31:28 Symbol: BTCBUSD
2022-08-24_07:31:28 Base: BTC
2022-08-24_07:31:28 Quote: BUSD
2022-08-24_07:31:28 Websocket: wss://stream.binance.com:9443/ws/btcbusd@miniTicker
2022-08-24_07:31:29 Last close: 21316.6
2022-08-24_07:31:29 Exit price: 21742.931999999997
2022-08-24_07:31:29 Stop price: 19184.94
2022-08-24_07:31:29 Step size: 5
2022-08-24_07:31:39 ------------
2022-08-24_07:31:39 Reading config
2022-08-24_07:31:39 Symbol: BTCBUSD
2022-08-24_07:31:39 Base: BTC
2022-08-24_07:31:39 Quote: BUSD
2022-08-24_07:31:39 Websocket: wss://stream.binance.com:9443/ws/btcbusd@miniTicker
2022-08-24_07:31:39 Last close: 21299.7
2022-08-24_07:31:39 Exit price: 21725.694
2022-08-24_07:31:39 Stop price: 19169.73
2022-08-24_07:31:39 Step size: 5
2022-08-24_07:32:35 Happy trading.
2022-08-24_07:32:45 ------------
2022-08-24_07:32:45 Reading config
2022-08-24_07:32:45 Symbol: BTCBUSD
2022-08-24_07:32:45 Base: BTC
2022-08-24_07:32:45 Quote: BUSD
2022-08-24_07:32:45 Websocket: wss://stream.binance.com:9443/ws/btcbusd@miniTicker
2022-08-24_07:32:46 Last close: 21298.0
2022-08-24_07:32:46 Exit price: 21723.96
2022-08-24_07:32:46 Stop price: 19168.2
2022-08-24_07:32:46 Step size: 5
2022-08-24_07:36:06 Happy trading.
2022-08-24_07:36:51 Happy trading.
2022-08-24_07:37:01 ------------
2022-08-24_07:37:01 Reading config
2022-08-24_07:37:01 Symbol: BTCBUSD
2022-08-24_07:37:01 Base: BTC
2022-08-24_07:37:01 Quote: BUSD
2022-08-24_07:37:01 Websocket: wss://stream.binance.com:9443/ws/btcbusd@miniTicker
2022-08-24_07:37:01 Last close: 21259.92
2022-08-24_07:37:01 Exit price: 21685.1184
2022-08-24_07:37:01 Stop price: 19133.928
2022-08-24_07:37:01 Step size: 5
2022-08-24_07:37:14 ------------
2022-08-24_07:37:14 Reading config
2022-08-24_07:37:14 Symbol: BTCBUSD
2022-08-24_07:37:14 Base: BTC
2022-08-24_07:37:14 Quote: BUSD
2022-08-24_07:37:14 Websocket: wss://stream.binance.com:9443/ws/btcbusd@miniTicker
2022-08-24_07:37:14 Last close: 21253.66
2022-08-24_07:37:14 Exit price: 21678.7332
2022-08-24_07:37:14 Stop price: 19128.294
2022-08-24_07:37:14 Step size: 5
2022-08-24_07:37:24 ------------
2022-08-24_07:37:24 Reading config
2022-08-24_07:37:24 Symbol: BTCBUSD
2022-08-24_07:37:24 Base: BTC
2022-08-24_07:37:24 Quote: BUSD
2022-08-24_07:37:24 Websocket: wss://stream.binance.com:9443/ws/btcbusd@miniTicker
2022-08-24_07:37:25 Last close: 21251.03
2022-08-24_07:37:25 Exit price: 21676.0506
2022-08-24_07:37:25 Stop price: 19125.927
2022-08-24_07:37:25 Step size: 5
2022-08-24_07:37:35 ------------
2022-08-24_07:37:35 Reading config
2022-08-24_07:37:35 Symbol: BTCBUSD
2022-08-24_07:37:35 Base: BTC
2022-08-24_07:37:35 Quote: BUSD
2022-08-24_07:37:35 Websocket: wss://stream.binance.com:9443/ws/btcbusd@miniTicker
2022-08-24_07:43:37 Happy trading.
2022-08-24_07:43:47 ------------
2022-08-24_07:43:47 Reading config
2022-08-24_07:43:47 Symbol: BTCBUSD
2022-08-24_07:43:47 Base: BTC
2022-08-24_07:43:47 Quote: BUSD
2022-08-24_07:43:47 Websocket: wss://stream.binance.com:9443/ws/btcbusd@miniTicker
2022-08-24_07:43:47 Last close: 21284.2
2022-08-24_07:43:47 Exit price: 21709.884000000002
2022-08-24_07:43:47 Stop price: 19155.78
2022-08-24_07:43:47 Step size: 5
2022-08-24_07:44:00 ------------
2022-08-24_07:44:00 Reading config
2022-08-24_07:44:00 Symbol: BTCBUSD
2022-08-24_07:44:00 Base: BTC
2022-08-24_07:44:00 Quote: BUSD
2022-08-24_07:44:00 Websocket: wss://stream.binance.com:9443/ws/btcbusd@miniTicker
2022-08-24_07:44:00 Last close: 21284.92
2022-08-24_07:44:00 Exit price: 21710.6184
2022-08-24_07:44:00 Stop price: 19156.428
2022-08-24_07:44:00 Step size: 5
2022-08-24_07:44:45 Happy trading.
2022-08-24_07:44:55 ------------
2022-08-24_07:44:55 Reading config
2022-08-24_07:44:55 Symbol: BTCBUSD
2022-08-24_07:44:55 Base: BTC
2022-08-24_07:44:55 Quote: BUSD
2022-08-24_07:44:55 Websocket: wss://stream.binance.com:9443/ws/btcbusd@miniTicker
2022-08-24_07:44:56 Last close: 21290.1
2022-08-24_07:44:56 Exit price: 21715.902
2022-08-24_07:44:56 Stop price: 19161.09
2022-08-24_07:44:56 Step size: 5
2022-08-24_07:44:57 21293.73000000
2022-08-24_07:45:08 ------------
2022-08-24_07:45:08 Reading config
2022-08-24_07:45:08 Symbol: BTCBUSD
2022-08-24_07:45:08 Base: BTC
2022-08-24_07:45:08 Quote: BUSD
2022-08-24_07:45:08 Websocket: wss://stream.binance.com:9443/ws/btcbusd@miniTicker
2022-08-24_07:45:10 Last close: 21285.99
2022-08-24_07:45:10 Exit price: 21711.7098
2022-08-24_07:45:10 Stop price: 19157.391000000003
2022-08-24_07:45:10 Step size: 5
2022-08-24_07:45:20 ------------
2022-08-24_07:45:20 Reading config
2022-08-24_07:45:20 Symbol: BTCBUSD
2022-08-24_07:45:20 Base: BTC
2022-08-24_07:45:20 Quote: BUSD
2022-08-24_07:45:20 Websocket: wss://stream.binance.com:9443/ws/btcbusd@miniTicker
2022-08-24_07:45:20 Last close: 21282.42
2022-08-24_07:45:20 Exit price: 21708.068399999996
2022-08-24_07:45:20 Stop price: 19154.178
2022-08-24_07:45:20 Step size: 5
2022-08-24_07:45:30 ------------
2022-08-24_07:45:30 Reading config
2022-08-24_07:45:30 Symbol: BTCBUSD
2022-08-24_07:45:30 Base: BTC
2022-08-24_07:45:30 Quote: BUSD
2022-08-24_07:45:30 Websocket: wss://stream.binance.com:9443/ws/btcbusd@miniTicker
2022-08-24_07:45:31 Last close: 21278.37
2022-08-24_07:45:31 Exit price: 21703.9374
2022-08-24_07:45:31 Stop price: 19150.533
2022-08-24_07:45:31 Step size: 5
2022-08-24_07:45:58 Happy trading.
2022-08-24_07:46:08 ------------
2022-08-24_07:46:08 Reading config
2022-08-24_07:46:08 Symbol: BTCBUSD
2022-08-24_07:46:08 Base: BTC
2022-08-24_07:46:08 Quote: BUSD
2022-08-24_07:46:08 Websocket: wss://stream.binance.com:9443/ws/btcbusd@miniTicker
2022-08-24_07:46:08 Last close: 21286.24
2022-08-24_07:46:08 Exit price: 21711.9648
2022-08-24_07:46:08 Stop price: 19157.616
2022-08-24_07:46:08 Step size: 5
2022-08-24_07:46:10 21286.07000000
2022-08-24_07:46:22 Happy trading.
2022-08-24_07:46:32 ------------
2022-08-24_07:46:32 Reading config
2022-08-24_07:46:32 Symbol: BTCBUSD
2022-08-24_07:46:32 Base: BTC
2022-08-24_07:46:32 Quote: BUSD
2022-08-24_07:46:32 Websocket: wss://stream.binance.com:9443/ws/btcbusd@miniTicker
2022-08-24_07:46:33 Last close: 21282.35
2022-08-24_07:46:33 Exit price: 21707.997
2022-08-24_07:46:33 Stop price: 19154.114999999998
2022-08-24_07:46:33 Step size: 5
2022-08-24_07:46:34 21282.27000000
